Sep 11, 2019 2:13:18 PM org.apache.catalina.startup.VersionLoggerListener log
INFORMATION: Server version:        Apache Tomcat (TomEE)/7.0.81 (1.7.5)
Sep 11, 2019 2:13:19 PM org.apache.catalina.startup.VersionLoggerListener log
INFORMATION: Server built:          Aug 11 2017 10:21:27 UTC
Sep 11, 2019 2:13:19 PM org.apache.catalina.startup.VersionLoggerListener log
INFORMATION: Server number:         7.0.81.0
Sep 11, 2019 2:13:19 PM org.apache.catalina.startup.VersionLoggerListener log
INFORMATION: OS Name:               Windows 7
Sep 11, 2019 2:13:19 PM org.apache.catalina.startup.VersionLoggerListener log
INFORMATION: OS Version:            6.1
Sep 11, 2019 2:13:19 PM org.apache.catalina.startup.VersionLoggerListener log
INFORMATION: Architecture:          amd64
Sep 11, 2019 2:13:19 PM org.apache.catalina.startup.VersionLoggerListener log
INFORMATION: Java Home:             C:\Users\UI879524\dev\jdk8u222-b10\jre
Sep 11, 2019 2:13:19 PM org.apache.catalina.startup.VersionLoggerListener log
INFORMATION: JVM Version:           1.8.0_222-b10
Sep 11, 2019 2:13:19 PM org.apache.catalina.startup.VersionLoggerListener log
INFORMATION: JVM Vendor:            
Sep 11, 2019 2:13:19 PM org.apache.catalina.startup.VersionLoggerListener log
INFORMATION: CATALINA_BASE:         C:\Users\UI879524\dev\opensap\address-manager\application\target\apache-tomee
Sep 11, 2019 2:13:19 PM org.apache.catalina.startup.VersionLoggerListener log
INFORMATION: CATALINA_HOME:         C:\Users\UI879524\dev\opensap\address-manager\application\target\apache-tomee
Sep 11, 2019 2:13:19 PM org.apache.catalina.startup.VersionLoggerListener log
INFORMATION: Command line argument: -XX:+HeapDumpOnOutOfMemoryError
Sep 11, 2019 2:13:19 PM org.apache.catalina.startup.VersionLoggerListener log
INFORMATION: Command line argument: -Dorg.apache.catalina.STRICT_SERVLET_COMPLIANCE=false
Sep 11, 2019 2:13:19 PM org.apache.catalina.startup.VersionLoggerListener log
INFORMATION: Command line argument: -Dopenejb.session.manager=org.apache.tomee.catalina.session.QuickSessionManager
Sep 11, 2019 2:13:19 PM org.apache.catalina.startup.VersionLoggerListener log
INFORMATION: Command line argument: -Dtomee.remote.support=true
Sep 11, 2019 2:13:19 PM org.apache.catalina.startup.VersionLoggerListener log
INFORMATION: Command line argument: -Dopenejb.system.apps=false
Sep 11, 2019 2:13:19 PM org.apache.catalina.startup.VersionLoggerListener log
INFORMATION: Command line argument: -Djava.util.logging.config.file=C:\Users\UI879524\dev\opensap\address-manager\application\target\apache-tomee\conf\logging.properties
Sep 11, 2019 2:13:19 PM org.apache.catalina.startup.VersionLoggerListener log
INFORMATION: Command line argument: -javaagent:C:\Users\UI879524\dev\opensap\address-manager\application\target\apache-tomee\lib\openejb-javaagent.jar
Sep 11, 2019 2:13:19 PM org.apache.catalina.startup.VersionLoggerListener log
INFORMATION: Command line argument: -Djava.util.logging.manager=org.apache.juli.ClassLoaderLogManager
Sep 11, 2019 2:13:19 PM org.apache.catalina.startup.VersionLoggerListener log
INFORMATION: Command line argument: -Djava.io.tmpdir=C:\Users\UI879524\dev\opensap\address-manager\application\target\apache-tomee\temp
Sep 11, 2019 2:13:19 PM org.apache.catalina.startup.VersionLoggerListener log
INFORMATION: Command line argument: -Djava.endorsed.dirs=C:\Users\UI879524\dev\opensap\address-manager\application\target\apache-tomee\endorsed
Sep 11, 2019 2:13:19 PM org.apache.catalina.startup.VersionLoggerListener log
INFORMATION: Command line argument: -Dcatalina.base=C:\Users\UI879524\dev\opensap\address-manager\application\target\apache-tomee
Sep 11, 2019 2:13:19 PM org.apache.catalina.startup.VersionLoggerListener log
INFORMATION: Command line argument: -Dcatalina.home=C:\Users\UI879524\dev\opensap\address-manager\application\target\apache-tomee
Sep 11, 2019 2:13:19 PM org.apache.catalina.startup.VersionLoggerListener log
INFORMATION: Command line argument: -Dcatalina.ext.dirs=C:\Users\UI879524\dev\opensap\address-manager\application\target\apache-tomee\lib
Sep 11, 2019 2:13:19 PM org.apache.catalina.startup.VersionLoggerListener log
INFORMATION: Command line argument: -Dorg.apache.tomcat.util.http.ServerCookie.ALLOW_HTTP_SEPARATORS_IN_V0=true
Sep 11, 2019 2:13:19 PM org.apache.catalina.startup.VersionLoggerListener log
INFORMATION: Command line argument: -ea
Sep 11, 2019 2:13:19 PM org.apache.catalina.core.AprLifecycleListener lifecycleEvent
INFORMATION: The APR based Apache Tomcat Native library which allows optimal performance in production environments was not found on the java.library.path: C:\Users\UI879524\dev\jdk8u222-b10\jre\bin;C:\WINDOWS\Sun\Java\bin;C:\WINDOWS\system32;C:\WINDOWS;C:\Users\UI879524\dev\jdk8u222-b10\bin;C:\ProgramData\Oracle\Java\javapath;C:\Program Files\Common Files\Microsoft Shared\Microsoft Online Services;C:\Program Files (x86)\Common Files\Microsoft Shared\Microsoft Online Services;C:\WINDOWS\system32;C:\WINDOWS;C:\WINDOWS\System32\Wbem;C:\WINDOWS\System32\WindowsPowerShell\v1.0\;C:\Program Files (x86)\Microsoft Application Virtualization Client;C:\Program Files (x86)\ATI Technologies\ATI.ACE\Core-Static;C:\WINDOWS\System32\WindowsPowerShell\v1.0\;C:\WINDOWS\System32\WindowsPowerShell\v1.0\;C:\WINDOWS\System32\WindowsPowerShell\v1.0\;C:\Users\UI879524\dev\apache-maven-3.6.2\bin;C:\Users\UI879524\AppData\Roaming\Cloud Foundry;C:\ProgramData\Oracle\Java\javapath;C:\Program Files\Common Files\Microsoft Shared\Microsoft Online Services;C:\Program Files (x86)\Common Files\Microsoft Shared\Microsoft Online Services;C:\WINDOWS\system32;C:\WINDOWS;C:\WINDOWS\System32\Wbem;C:\WINDOWS\System32\WindowsPowerShell\v1.0\;C:\Program Files (x86)\Microsoft Application Virtualization Client;C:\Program Files (x86)\ATI Technologies\ATI.ACE\Core-Static;C:\WINDOWS\System32\WindowsPowerShell\v1.0\;C:\WINDOWS\System32\WindowsPowerShell\v1.0\;C:\WINDOWS\System32\WindowsPowerShell\v1.0\;C:\Users\UI879524\AppData\Local\Programs\Git\cmd;.
Sep 11, 2019 2:13:20 PM org.apache.coyote.AbstractProtocol init
INFORMATION: Initializing ProtocolHandler ["http-bio-8080"]
Sep 11, 2019 2:13:20 PM org.apache.coyote.AbstractProtocol init
INFORMATION: Initializing ProtocolHandler ["ajp-bio-8009"]
Sep 11, 2019 2:13:22 PM org.apache.openejb.util.OptionsLog info
INFORMATION: Using 'tomee.remote.support=true'
Sep 11, 2019 2:13:23 PM org.apache.openejb.util.OptionsLog info
INFORMATION: Using 'openejb.jdbc.datasource-creator=org.apache.tomee.jdbc.TomEEDataSourceCreator'
Sep 11, 2019 2:13:23 PM org.apache.openejb.OpenEJB$Instance <init>
INFORMATION: ********************************************************************************
Sep 11, 2019 2:13:23 PM org.apache.openejb.OpenEJB$Instance <init>
INFORMATION: OpenEJB http://tomee.apache.org/
Sep 11, 2019 2:13:23 PM org.apache.openejb.OpenEJB$Instance <init>
INFORMATION: Startup: Wed Sep 11 14:13:23 CEST 2019
Sep 11, 2019 2:13:23 PM org.apache.openejb.OpenEJB$Instance <init>
INFORMATION: Copyright 1999-2015 (C) Apache OpenEJB/TomEE Project, All Rights Reserved.
Sep 11, 2019 2:13:23 PM org.apache.openejb.OpenEJB$Instance <init>
INFORMATION: Version: 4.7.5
Sep 11, 2019 2:13:23 PM org.apache.openejb.OpenEJB$Instance <init>
INFORMATION: Build date: 20170927
Sep 11, 2019 2:13:23 PM org.apache.openejb.OpenEJB$Instance <init>
INFORMATION: Build time: 12:02
Sep 11, 2019 2:13:23 PM org.apache.openejb.OpenEJB$Instance <init>
INFORMATION: ********************************************************************************
Sep 11, 2019 2:13:23 PM org.apache.openejb.OpenEJB$Instance <init>
INFORMATION: openejb.home = C:\Users\UI879524\dev\opensap\address-manager\application\target\apache-tomee
Sep 11, 2019 2:13:23 PM org.apache.openejb.OpenEJB$Instance <init>
INFORMATION: openejb.base = C:\Users\UI879524\dev\opensap\address-manager\application\target\apache-tomee
Sep 11, 2019 2:13:23 PM org.apache.openejb.cdi.CdiBuilder initializeOWB
INFORMATION: Created new singletonService org.apache.openejb.cdi.ThreadSingletonServiceImpl@1d7acb34
Sep 11, 2019 2:13:23 PM org.apache.openejb.cdi.CdiBuilder initializeOWB
INFORMATION: Succeeded in installing singleton service
Sep 11, 2019 2:13:23 PM org.apache.openejb.config.ConfigurationFactory init
INFORMATION: openejb configuration file is 'C:\Users\UI879524\dev\opensap\address-manager\application\target\apache-tomee\conf\tomee.xml'
Sep 11, 2019 2:13:24 PM org.apache.openejb.config.ConfigurationFactory configureService
INFORMATION: Configuring Service(id=Tomcat Security Service, type=SecurityService, provider-id=Tomcat Security Service)
Sep 11, 2019 2:13:24 PM org.apache.openejb.config.ConfigurationFactory configureService
INFORMATION: Configuring Service(id=Default Transaction Manager, type=TransactionManager, provider-id=Default Transaction Manager)
Sep 11, 2019 2:13:24 PM org.apache.openejb.util.OptionsLog info
INFORMATION: Using 'openejb.system.apps=false'
Sep 11, 2019 2:13:24 PM org.apache.openejb.util.OptionsLog info
INFORMATION: Using 'openejb.deployments.classpath=false'
Sep 11, 2019 2:13:24 PM org.apache.openejb.assembler.classic.Assembler createRecipe
INFORMATION: Creating TransactionManager(id=Default Transaction Manager)
Sep 11, 2019 2:13:24 PM org.apache.openejb.assembler.classic.Assembler createRecipe
INFORMATION: Creating SecurityService(id=Tomcat Security Service)
Sep 11, 2019 2:13:24 PM org.apache.openejb.server.ServiceManager initServer
INFORMATION: Creating ServerService(id=cxf-rs)
Sep 11, 2019 2:13:25 PM org.apache.openejb.server.SimpleServiceManager start
INFORMATION:   ** Bound Services **
Sep 11, 2019 2:13:25 PM org.apache.openejb.server.SimpleServiceManager printRow
INFORMATION:   NAME                 IP              PORT  
Sep 11, 2019 2:13:25 PM org.apache.openejb.server.SimpleServiceManager start
INFORMATION: -------
Sep 11, 2019 2:13:25 PM org.apache.openejb.server.SimpleServiceManager start
INFORMATION: Ready!
Sep 11, 2019 2:13:25 PM org.apache.catalina.startup.Catalina load
INFORMATION: Initialization processed in 8243 ms
Sep 11, 2019 2:13:25 PM org.apache.tomee.catalina.OpenEJBNamingContextListener bindResource
INFORMATION: Importing a Tomcat Resource with id 'UserDatabase' of type 'org.apache.catalina.UserDatabase'.
Sep 11, 2019 2:13:25 PM org.apache.openejb.assembler.classic.Assembler createRecipe
INFORMATION: Creating Resource(id=UserDatabase)
Sep 11, 2019 2:13:25 PM org.apache.catalina.core.StandardService startInternal
INFORMATION: Starting service Catalina
Sep 11, 2019 2:13:25 PM org.apache.catalina.core.StandardEngine startInternal
INFORMATION: Starting Servlet Engine: Apache Tomcat (TomEE)/7.0.81 (1.7.5)
Sep 11, 2019 2:13:25 PM org.apache.catalina.startup.HostConfig deployWAR
INFORMATION: Deploying web application archive C:\Users\UI879524\dev\opensap\address-manager\application\target\apache-tomee\webapps\ROOT.war
Sep 11, 2019 2:13:25 PM org.apache.tomee.catalina.TomcatWebAppBuilder init
INFORMATION: ------------------------- localhost -> /
Sep 11, 2019 2:13:25 PM org.apache.openejb.util.JarExtractor extract
INFORMATION: Extracting jar: C:\Users\UI879524\dev\opensap\address-manager\application\target\apache-tomee\webapps\ROOT.war
Sep 11, 2019 2:13:26 PM org.apache.openejb.util.JarExtractor extract
INFORMATION: Extracted path: C:\Users\UI879524\dev\opensap\address-manager\application\target\apache-tomee\webapps\ROOT
Sep 11, 2019 2:13:26 PM org.apache.openejb.util.OptionsLog info
INFORMATION: Using 'openejb.session.manager=org.apache.tomee.catalina.session.QuickSessionManager'
Sep 11, 2019 2:13:33 PM org.apache.openejb.config.ConfigurationFactory configureApplication
INFORMATION: Configuring enterprise application: C:\Users\UI879524\dev\opensap\address-manager\application\target\apache-tomee\webapps\ROOT
Sep 11, 2019 2:13:35 PM org.apache.openejb.config.ConfigurationFactory configureService
INFORMATION: Configuring Service(id=Default Managed Container, type=Container, provider-id=Default Managed Container)
Sep 11, 2019 2:13:35 PM org.apache.openejb.config.AutoConfig createContainer
INFORMATION: Auto-creating a container for bean .Comp1498446800: Container(type=MANAGED, id=Default Managed Container)
Sep 11, 2019 2:13:35 PM org.apache.openejb.assembler.classic.Assembler createRecipe
INFORMATION: Creating Container(id=Default Managed Container)
Sep 11, 2019 2:13:35 PM org.apache.openejb.core.managed.SimplePassivater init
INFORMATION: Using directory C:\Users\UI879524\dev\opensap\address-manager\application\target\apache-tomee\temp for stateful session passivation
Sep 11, 2019 2:13:35 PM org.apache.openejb.config.AppInfoBuilder build
INFORMATION: Enterprise application "C:\Users\UI879524\dev\opensap\address-manager\application\target\apache-tomee\webapps\ROOT" loaded.
Sep 11, 2019 2:13:36 PM org.apache.openejb.assembler.classic.Assembler createApplication
INFORMATION: Assembling app: C:\Users\UI879524\dev\opensap\address-manager\application\target\apache-tomee\webapps\ROOT
Sep 11, 2019 2:13:37 PM org.apache.openejb.cdi.CdiBuilder initSingleton
INFORMATION: Existing thread singleton service in SystemInstance(): org.apache.openejb.cdi.ThreadSingletonServiceImpl@1d7acb34
Sep 11, 2019 2:13:37 PM org.apache.openejb.cdi.OpenEJBLifecycle startApplication
INFORMATION: OpenWebBeans Container is starting...
Sep 11, 2019 2:13:37 PM org.apache.webbeans.plugins.PluginLoader startUp
INFORMATION: Adding OpenWebBeansPlugin : [CdiPlugin]
Sep 11, 2019 2:13:37 PM org.apache.webbeans.plugins.PluginLoader startUp
INFORMATION: Adding OpenWebBeansPlugin : [OpenWebBeansJsfPlugin]
Sep 11, 2019 2:13:57 PM org.apache.webbeans.config.BeansDeployer deploySingleAnnotatedType
INFORMATION: Skipping deployment of Class class com.sap.cloud.sdk.cloudplatform.auditlog.ScpCfAuditLogdue to a NoClassDefFoundError: com/sap/xs/audit/api/AuditLogMessage
Sep 11, 2019 2:14:10 PM org.apache.webbeans.config.BeansDeployer validateInjectionPoints
INFORMATION: All injection points were validated successfully.
Sep 11, 2019 2:14:10 PM org.apache.openejb.cdi.OpenEJBLifecycle startApplication
INFORMATION: OpenWebBeans Container has started, it took 33150 ms.
Sep 11, 2019 2:14:11 PM org.apache.openejb.assembler.classic.Assembler createApplication
INFORMATION: Deployed Application(path=C:\Users\UI879524\dev\opensap\address-manager\application\target\apache-tomee\webapps\ROOT)
Sep 11, 2019 2:14:12 PM org.apache.catalina.startup.HostConfig deployWAR
INFORMATION: Deployment of web application archive C:\Users\UI879524\dev\opensap\address-manager\application\target\apache-tomee\webapps\ROOT.war has finished in 47,592 ms
Sep 11, 2019 2:14:12 PM org.apache.coyote.AbstractProtocol start
INFORMATION: Starting ProtocolHandler ["http-bio-8080"]
Sep 11, 2019 2:14:13 PM org.apache.coyote.AbstractProtocol start
INFORMATION: Starting ProtocolHandler ["ajp-bio-8009"]
Sep 11, 2019 2:14:13 PM org.apache.catalina.startup.Catalina start
INFORMATION: Server startup in 47886 ms
Sep 11, 2019 2:43:59 PM org.apache.catalina.core.StandardServer await
INFORMATION: A valid shutdown command was received via the shutdown port. Stopping the Server instance.
Sep 11, 2019 2:43:59 PM org.apache.coyote.AbstractProtocol pause
INFORMATION: Pausing ProtocolHandler ["http-bio-8080"]
Sep 11, 2019 2:44:00 PM org.apache.coyote.AbstractProtocol pause
INFORMATION: Pausing ProtocolHandler ["ajp-bio-8009"]
Sep 11, 2019 2:44:00 PM org.apache.catalina.core.StandardService stopInternal
INFORMATION: Stopping service Catalina
Sep 11, 2019 2:44:00 PM org.apache.openejb.assembler.classic.Assembler destroyApplication
INFORMATION: Undeploying app: C:\Users\UI879524\dev\opensap\address-manager\application\target\apache-tomee\webapps\ROOT
Sep 11, 2019 2:44:01 PM org.apache.openejb.util.OptionsLog info
INFORMATION: Using 'openjpa.Log=org.apache.openejb.openjpa.JULOpenJPALogFactory'
Sep 11, 2019 2:44:01 PM org.apache.openejb.assembler.classic.Assembler destroyApplication
INFORMATION: Undeployed app: C:\Users\UI879524\dev\opensap\address-manager\application\target\apache-tomee\webapps\ROOT
Sep 11, 2019 2:44:01 PM org.apache.catalina.loader.WebappClassLoaderBase checkThreadLocalMapForLeaks
SCHWERWIEGEND: The web application [] created a ThreadLocal with key of type [java.lang.ThreadLocal] (value [java.lang.ThreadLocal@18aa70]) and a value of type [com.netflix.hystrix.strategy.concurrency.HystrixRequestContext] (value [com.netflix.hystrix.strategy.concurrency.HystrixRequestContext@59fc2a6f]) but failed to remove it when the web application was stopped. Threads are going to be renewed over time to try and avoid a probable memory leak.
Sep 11, 2019 2:44:01 PM org.apache.catalina.loader.WebappClassLoaderBase checkThreadLocalMapForLeaks
SCHWERWIEGEND: The web application [] created a ThreadLocal with key of type [java.lang.ThreadLocal] (value [java.lang.ThreadLocal@18aa70]) and a value of type [com.netflix.hystrix.strategy.concurrency.HystrixRequestContext] (value [com.netflix.hystrix.strategy.concurrency.HystrixRequestContext@54862631]) but failed to remove it when the web application was stopped. Threads are going to be renewed over time to try and avoid a probable memory leak.
Sep 11, 2019 2:44:01 PM org.apache.catalina.loader.WebappClassLoaderBase checkThreadLocalMapForLeaks
SCHWERWIEGEND: The web application [] created a ThreadLocal with key of type [com.netflix.hystrix.Hystrix$1] (value [com.netflix.hystrix.Hystrix$1@2511673f]) and a value of type [com.netflix.hystrix.Hystrix.ConcurrentStack] (value [com.netflix.hystrix.Hystrix$ConcurrentStack@601f12c7]) but failed to remove it when the web application was stopped. Threads are going to be renewed over time to try and avoid a probable memory leak.
Sep 11, 2019 2:44:01 PM org.apache.coyote.AbstractProtocol stop
INFORMATION: Stopping ProtocolHandler ["http-bio-8080"]
Sep 11, 2019 2:44:01 PM org.apache.coyote.AbstractProtocol stop
INFORMATION: Stopping ProtocolHandler ["ajp-bio-8009"]
Sep 11, 2019 2:44:01 PM org.apache.openejb.server.SimpleServiceManager stop
INFORMATION: Stopping server services
Sep 11, 2019 2:44:02 PM org.apache.coyote.AbstractProtocol destroy
INFORMATION: Destroying ProtocolHandler ["http-bio-8080"]
Sep 11, 2019 2:44:02 PM org.apache.coyote.AbstractProtocol destroy
INFORMATION: Destroying ProtocolHandler ["ajp-bio-8009"]
